2018-02-28 15:37:17 [192.168.1.112][-][-][warning][yii\debug\Module::checkAccess] Access to debugger is denied due to IP address restriction. The requesting IP address is 192.168.1.112
2018-02-28 15:37:16 [192.168.1.112][-][-][info][application] $_GET = []

$_POST = []

$_FILES = []

$_COOKIE = [
    '_csrf' => '67dfc7837714fa44ae025c449fd7edc8691f4afa98ef6dd71071ece01d569a1ea:2:{i:0;s:5:\"_csrf\";i:1;s:32:\"Ya9kDU44-VDe7d2nZkXRwVFX77D4i6kr\";}'
    'PHPSESSID' => 'isf43uhagkogu2mk395tjiv8q3'
    'advanced-frontend' => 'ai34fl1t8dsoeg8rrv1fp66im3'
    '_csrf-frontend' => 'b090f7d6dc27fbb4a825b0775b8f3177fa8660f6d1c6c78ee8a4284f24a62470a:2:{i:0;s:14:\"_csrf-frontend\";i:1;s:32:\"L4ze6G3S9f0xbHDuY0sd723tnqnBKnLC\";}'
]

$_SESSION = [
    '__flash' => []
    '__returnUrl' => '/index.php'
]

$_SERVER = [
    'USER' => 'apache'
    'HOME' => '/var/www'
    'FCGI_ROLE' => 'RESPONDER'
    'QUERY_STRING' => ''
    'REQUEST_METHOD' => 'GET'
    'CONTENT_TYPE' => ''
    'CONTENT_LENGTH' => ''
    'SCRIPT_NAME' => '/index.php'
    'REQUEST_URI' => '/index.php'
    'DOCUMENT_URI' => '/index.php'
    'DOCUMENT_ROOT' => '/home/liufan/yii2/mygit/lf_center/backend/web'
    'SERVER_PROTOCOL' => 'HTTP/1.1'
    'GATEWAY_INTERFACE' => 'CGI/1.1'
    'SERVER_SOFTWARE' => 'nginx/1.6.2'
    'REMOTE_ADDR' => '192.168.1.112'
    'REMOTE_PORT' => '19994'
    'SERVER_ADDR' => '192.168.1.115'
    'SERVER_PORT' => '92'
    'SERVER_NAME' => '127.0.0.1'
    'REDIRECT_STATUS' => '200'
    'SCRIPT_FILENAME' => '/home/liufan/yii2/mygit/lf_center/backend/web/index.php'
    'HTTP_HOST' => '192.168.1.115:92'
    'HTTP_CONNECTION' => 'keep-alive'
    'HTTP_ACCEPT' => 'text/html,application/xhtml+xml,application/xml;q=0.9,image/webp,*/*;q=0.8'
    'HTTP_USER_AGENT' => 'Mozilla/5.0 (Windows NT 6.1; WOW64) AppleWebKit/537.36 (KHTML, like Gecko) Chrome/37.0.2062.124 Safari/537.36'
    'HTTP_ACCEPT_ENCODING' => 'gzip,deflate,sdch'
    'HTTP_ACCEPT_LANGUAGE' => 'zh-CN,zh;q=0.8,en;q=0.6'
    'HTTP_COOKIE' => '_csrf=67dfc7837714fa44ae025c449fd7edc8691f4afa98ef6dd71071ece01d569a1ea%3A2%3A%7Bi%3A0%3Bs%3A5%3A%22_csrf%22%3Bi%3A1%3Bs%3A32%3A%22Ya9kDU44-VDe7d2nZkXRwVFX77D4i6kr%22%3B%7D; PHPSESSID=isf43uhagkogu2mk395tjiv8q3; advanced-frontend=ai34fl1t8dsoeg8rrv1fp66im3; _csrf-frontend=b090f7d6dc27fbb4a825b0775b8f3177fa8660f6d1c6c78ee8a4284f24a62470a%3A2%3A%7Bi%3A0%3Bs%3A14%3A%22_csrf-frontend%22%3Bi%3A1%3Bs%3A32%3A%22L4ze6G3S9f0xbHDuY0sd723tnqnBKnLC%22%3B%7D'
    'PHP_SELF' => '/index.php'
    'REQUEST_TIME_FLOAT' => 1519832236.9575
    'REQUEST_TIME' => 1519832236
]
2018-02-28 15:37:17 [192.168.1.112][-][-][warning][yii\debug\Module::checkAccess] Access to debugger is denied due to IP address restriction. The requesting IP address is 192.168.1.112
    in /home/liufan/yii2/mygit/lf_center/backend/views/layouts/main.php:77
    in /home/liufan/yii2/mygit/lf_center/backend/controllers/SiteController.php:85
2018-02-28 15:37:17 [192.168.1.112][-][-][warning][yii\debug\Module::checkAccess] Access to debugger is denied due to IP address restriction. The requesting IP address is 192.168.1.112
2018-02-28 15:37:17 [192.168.1.112][-][-][info][application] $_GET = [
    'r' => 'site/login'
]

$_POST = []

$_FILES = []

$_COOKIE = [
    '_csrf' => '67dfc7837714fa44ae025c449fd7edc8691f4afa98ef6dd71071ece01d569a1ea:2:{i:0;s:5:\"_csrf\";i:1;s:32:\"Ya9kDU44-VDe7d2nZkXRwVFX77D4i6kr\";}'
    'PHPSESSID' => 'isf43uhagkogu2mk395tjiv8q3'
    'advanced-frontend' => 'ai34fl1t8dsoeg8rrv1fp66im3'
    '_csrf-frontend' => 'b090f7d6dc27fbb4a825b0775b8f3177fa8660f6d1c6c78ee8a4284f24a62470a:2:{i:0;s:14:\"_csrf-frontend\";i:1;s:32:\"L4ze6G3S9f0xbHDuY0sd723tnqnBKnLC\";}'
    'advanced-backend' => '5aodb2hqrnie1fnfqu34ifnca7'
]

$_SESSION = [
    '__flash' => []
    '__returnUrl' => '/index.php'
]

$_SERVER = [
    'USER' => 'apache'
    'HOME' => '/var/www'
    'FCGI_ROLE' => 'RESPONDER'
    'QUERY_STRING' => 'r=site%2Flogin'
    'REQUEST_METHOD' => 'GET'
    'CONTENT_TYPE' => ''
    'CONTENT_LENGTH' => ''
    'SCRIPT_NAME' => '/index.php'
    'REQUEST_URI' => '/index.php?r=site%2Flogin'
    'DOCUMENT_URI' => '/index.php'
    'DOCUMENT_ROOT' => '/home/liufan/yii2/mygit/lf_center/backend/web'
    'SERVER_PROTOCOL' => 'HTTP/1.1'
    'GATEWAY_INTERFACE' => 'CGI/1.1'
    'SERVER_SOFTWARE' => 'nginx/1.6.2'
    'REMOTE_ADDR' => '192.168.1.112'
    'REMOTE_PORT' => '19994'
    'SERVER_ADDR' => '192.168.1.115'
    'SERVER_PORT' => '92'
    'SERVER_NAME' => '127.0.0.1'
    'REDIRECT_STATUS' => '200'
    'SCRIPT_FILENAME' => '/home/liufan/yii2/mygit/lf_center/backend/web/index.php'
    'HTTP_HOST' => '192.168.1.115:92'
    'HTTP_CONNECTION' => 'keep-alive'
    'HTTP_ACCEPT' => 'text/html,application/xhtml+xml,application/xml;q=0.9,image/webp,*/*;q=0.8'
    'HTTP_USER_AGENT' => 'Mozilla/5.0 (Windows NT 6.1; WOW64) AppleWebKit/537.36 (KHTML, like Gecko) Chrome/37.0.2062.124 Safari/537.36'
    'HTTP_ACCEPT_ENCODING' => 'gzip,deflate,sdch'
    'HTTP_ACCEPT_LANGUAGE' => 'zh-CN,zh;q=0.8,en;q=0.6'
    'HTTP_COOKIE' => '_csrf=67dfc7837714fa44ae025c449fd7edc8691f4afa98ef6dd71071ece01d569a1ea%3A2%3A%7Bi%3A0%3Bs%3A5%3A%22_csrf%22%3Bi%3A1%3Bs%3A32%3A%22Ya9kDU44-VDe7d2nZkXRwVFX77D4i6kr%22%3B%7D; PHPSESSID=isf43uhagkogu2mk395tjiv8q3; advanced-frontend=ai34fl1t8dsoeg8rrv1fp66im3; _csrf-frontend=b090f7d6dc27fbb4a825b0775b8f3177fa8660f6d1c6c78ee8a4284f24a62470a%3A2%3A%7Bi%3A0%3Bs%3A14%3A%22_csrf-frontend%22%3Bi%3A1%3Bs%3A32%3A%22L4ze6G3S9f0xbHDuY0sd723tnqnBKnLC%22%3B%7D; advanced-backend=5aodb2hqrnie1fnfqu34ifnca7'
    'PHP_SELF' => '/index.php'
    'REQUEST_TIME_FLOAT' => 1519832237.0328
    'REQUEST_TIME' => 1519832237
]
